<?xml version="1.0" encoding="UTF-8"?>
<testsuite xmlns:xsi="http://www.w3.org/2001/XMLSchema-instance" xsi:noNamespaceSchemaLocation="https://maven.apache.org/surefire/maven-surefire-plugin/xsd/surefire-test-report-3.0.xsd" version="3.0" name="nl.nl0e0.appointmentmicroservice.controller.AppointmentControllerTest" time="0.689" tests="2" errors="0" skipped="0" failures="0">
  <properties>
[...]
</properties>
  <testcase name="testDelete" classname="nl.nl0e0.appointmentmicroservice.controller.AppointmentControllerTest" time="0.123">
    <system-out><![CDATA[2024-03-24T18:15:32.102+08:00  INFO 1666 --- [           main] t.c.s.AnnotationConfigContextLoaderUtils : Could not detect default configuration classes for test class [nl.nl0e0.appointmentmicroservice.controller.AppointmentControllerTest]: AppointmentControllerTest does not declare any static, non-private, non-final, nested classes annotated with @Configuration.
2024-03-24T18:15:32.109+08:00  INFO 1666 --- [           main] .b.t.c.SpringBootTestContextBootstrapper : Found @SpringBootConfiguration nl.nl0e0.appointmentmicroservice.AppointmentMicroserviceApplication for test class nl.nl0e0.appointmentmicroservice.controller.AppointmentControllerTest

  .   ____          _            __ _ _
 /\\ / ___'_ __ _ _(_)_ __  __ _ \ \ \ \
( ( )\___ | '_ | '_| | '_ \/ _` | \ \ \ \
 \\/  ___)| |_)| | | | | || (_| |  ) ) ) )
  '  |____| .__|_| |_|_| |_\__, | / / / /
 =========|_|==============|___/=/_/_/_/
 :: Spring Boot ::                (v3.2.0)

2024-03-24T18:15:32.124+08:00  INFO 1666 --- [           main] n.n.a.c.AppointmentControllerTest        : Starting AppointmentControllerTest using Java 21.0.2 with PID 1666 (started by rediana in /Users/rediana/Project/petclinic-microservice/appointment-microservice)
2024-03-24T18:15:32.124+08:00  INFO 1666 --- [           main] n.n.a.c.AppointmentControllerTest        : No active profile set, falling back to 1 default profile: "default"
2024-03-24T18:15:32.225+08:00  INFO 1666 --- [           main] .s.d.r.c.RepositoryConfigurationDelegate : Bootstrapping Spring Data JPA repositories in DEFAULT mode.
2024-03-24T18:15:32.234+08:00  INFO 1666 --- [           main] .s.d.r.c.RepositoryConfigurationDelegate : Finished Spring Data repository scanning in 8 ms. Found 5 JPA repository interfaces.
2024-03-24T18:15:32.308+08:00  INFO 1666 --- [           main] com.zaxxer.hikari.HikariDataSource       : HikariPool-3 - Starting...
2024-03-24T18:15:32.317+08:00  INFO 1666 --- [           main] com.zaxxer.hikari.pool.HikariPool        : HikariPool-3 - Added connection org.postgresql.jdbc.PgConnection@c94f221
2024-03-24T18:15:32.317+08:00  INFO 1666 --- [           main] com.zaxxer.hikari.HikariDataSource       : HikariPool-3 - Start completed.
2024-03-24T18:15:32.318+08:00  INFO 1666 --- [           main] o.hibernate.jpa.internal.util.LogHelper  : HHH000204: Processing PersistenceUnitInfo [name: default]
2024-03-24T18:15:32.319+08:00  INFO 1666 --- [           main] o.h.c.internal.RegionFactoryInitiator    : HHH000026: Second-level cache disabled
2024-03-24T18:15:32.323+08:00  INFO 1666 --- [           main] o.s.o.j.p.SpringPersistenceUnitInfo      : No LoadTimeWeaver setup: ignoring JPA class transformer
2024-03-24T18:15:32.465+08:00  INFO 1666 --- [           main] o.h.e.t.j.p.i.JtaPlatformInitiator       : HHH000489: No JTA platform available (set 'hibernate.transaction.jta.platform' to enable JTA platform integration)
2024-03-24T18:15:32.465+08:00  INFO 1666 --- [           main] j.LocalContainerEntityManagerFactoryBean : Initialized JPA EntityManagerFactory for persistence unit 'default'
2024-03-24T18:15:32.538+08:00  WARN 1666 --- [           main] JpaBaseConfiguration$JpaWebConfiguration : spring.jpa.open-in-view is enabled by default. Therefore, database queries may be performed during view rendering. Explicitly configure spring.jpa.open-in-view to disable this warning
2024-03-24T18:15:32.581+08:00  INFO 1666 --- [           main] o.s.b.t.m.w.SpringBootMockServletContext : Initializing Spring TestDispatcherServlet ''
2024-03-24T18:15:32.581+08:00  INFO 1666 --- [           main] o.s.t.web.servlet.TestDispatcherServlet  : Initializing Servlet ''
2024-03-24T18:15:32.581+08:00  INFO 1666 --- [           main] o.s.t.web.servlet.TestDispatcherServlet  : Completed initialization in 0 ms
2024-03-24T18:15:32.585+08:00  INFO 1666 --- [           main] n.n.a.c.AppointmentControllerTest        : Started AppointmentControllerTest in 0.472 seconds (process running for 4.879)
-----------------
All Data in Database Has Been Deleted.
-----------------
]]></system-out>
  </testcase>
  <testcase name="testCreateAppointment" classname="nl.nl0e0.appointmentmicroservice.controller.AppointmentControllerTest" time="0.076">
    <system-out><![CDATA[-----------------
Create Appointment Success.
Record ID: cc7930c3-9c75-4cc3-a5d4-d47e2b0bb9b1
Appointment ID: 1f607dd8-2e74-4d2b-955e-03d74b98ed07
Consultation ID: 8dc6fbf4-4dad-44bf-9dd3-645b62b39268
Payment ID: 8dc6fbf4-4dad-44bf-9dd3-645b62b39268
Medicine ID: dbc50095-b384-4917-be7a-59fe7ceacd19
-----------------
]]></system-out>
  </testcase>
</testsuite>