<?xml version="1.0" encoding="UTF-8"?>
<testsuite xmlns:xsi="http://www.w3.org/2001/XMLSchema-instance" xsi:noNamespaceSchemaLocation="https://maven.apache.org/surefire/maven-surefire-plugin/xsd/surefire-test-report-3.0.xsd" version="3.0" name="nl.nl0e0.appointmentmicroservice.AppointmentMicroserviceApplicationTests" time="0.305" tests="1" errors="0" skipped="0" failures="0">
  <properties>
[...]
</properties>
  <testcase name="contextLoads" classname="nl.nl0e0.appointmentmicroservice.AppointmentMicroserviceApplicationTests" time="0.002">
    <system-out><![CDATA[2024-04-09T11:12:47.414+08:00  INFO 21842 --- [           main] t.c.s.AnnotationConfigContextLoaderUtils : Could not detect default configuration classes for test class [nl.nl0e0.appointmentmicroservice.AppointmentMicroserviceApplicationTests]: AppointmentMicroserviceApplicationTests does not declare any static, non-private, non-final, nested classes annotated with @Configuration.
2024-04-09T11:12:47.418+08:00  INFO 21842 --- [           main] .b.t.c.SpringBootTestContextBootstrapper : Found @SpringBootConfiguration nl.nl0e0.appointmentmicroservice.AppointmentMicroserviceApplication for test class nl.nl0e0.appointmentmicroservice.AppointmentMicroserviceApplicationTests

  .   ____          _            __ _ _
 /\\ / ___'_ __ _ _(_)_ __  __ _ \ \ \ \
( ( )\___ | '_ | '_| | '_ \/ _` | \ \ \ \
 \\/  ___)| |_)| | | | | || (_| |  ) ) ) )
  '  |____| .__|_| |_|_| |_\__, | / / / /
 =========|_|==============|___/=/_/_/_/
 :: Spring Boot ::                (v3.2.0)

2024-04-09T11:12:47.428+08:00  INFO 21842 --- [           main] .AppointmentMicroserviceApplicationTests : Starting AppointmentMicroserviceApplicationTests using Java 17.0.10 with PID 21842 (started by rediana in /Users/rediana/Project/petclinic-microservice/appointment-microservice)
2024-04-09T11:12:47.428+08:00  INFO 21842 --- [           main] .AppointmentMicroserviceApplicationTests : No active profile set, falling back to 1 default profile: "default"
2024-04-09T11:12:47.494+08:00  INFO 21842 --- [           main] .s.d.r.c.RepositoryConfigurationDelegate : Bootstrapping Spring Data JPA repositories in DEFAULT mode.
2024-04-09T11:12:47.502+08:00  INFO 21842 --- [           main] .s.d.r.c.RepositoryConfigurationDelegate : Finished Spring Data repository scanning in 8 ms. Found 5 JPA repository interfaces.
2024-04-09T11:12:47.546+08:00  INFO 21842 --- [           main] com.zaxxer.hikari.HikariDataSource       : HikariPool-2 - Starting...
2024-04-09T11:12:47.557+08:00  INFO 21842 --- [           main] com.zaxxer.hikari.pool.HikariPool        : HikariPool-2 - Added connection org.postgresql.jdbc.PgConnection@6e8276db
2024-04-09T11:12:47.557+08:00  INFO 21842 --- [           main] com.zaxxer.hikari.HikariDataSource       : HikariPool-2 - Start completed.
2024-04-09T11:12:47.558+08:00  INFO 21842 --- [           main] o.hibernate.jpa.internal.util.LogHelper  : HHH000204: Processing PersistenceUnitInfo [name: default]
2024-04-09T11:12:47.559+08:00  INFO 21842 --- [           main] o.h.c.internal.RegionFactoryInitiator    : HHH000026: Second-level cache disabled
2024-04-09T11:12:47.561+08:00  INFO 21842 --- [           main] o.s.o.j.p.SpringPersistenceUnitInfo      : No LoadTimeWeaver setup: ignoring JPA class transformer
2024-04-09T11:12:47.628+08:00  INFO 21842 --- [           main] o.h.e.t.j.p.i.JtaPlatformInitiator       : HHH000489: No JTA platform available (set 'hibernate.transaction.jta.platform' to enable JTA platform integration)
2024-04-09T11:12:47.628+08:00  INFO 21842 --- [           main] j.LocalContainerEntityManagerFactoryBean : Initialized JPA EntityManagerFactory for persistence unit 'default'
2024-04-09T11:12:47.673+08:00  WARN 21842 --- [           main] JpaBaseConfiguration$JpaWebConfiguration : spring.jpa.open-in-view is enabled by default. Therefore, database queries may be performed during view rendering. Explicitly configure spring.jpa.open-in-view to disable this warning
2024-04-09T11:12:47.715+08:00  INFO 21842 --- [           main] .AppointmentMicroserviceApplicationTests : Started AppointmentMicroserviceApplicationTests in 0.295 seconds (process running for 10.332)
]]></system-out>
  </testcase>
</testsuite>