-------------------------------------------------------------------------------
Test set: nl.nl0e0.consultationmicroservice.service.ConsultationServiceTest
-------------------------------------------------------------------------------
Tests run: 2, Failures: 1, Errors: 0, Skipped: 0, Time elapsed: 0.103 s <<< FAILURE! -- in nl.nl0e0.consultationmicroservice.service.ConsultationServiceTest
nl.nl0e0.consultationmicroservice.service.ConsultationServiceTest.testCheckConsultation -- Time elapsed: 0.050 s <<< FAILURE!
java.lang.AssertionError: Request URI expected:<http://localhost:8083/appointment/medicine/c3f865b1-4b3c-4c0a-9bc2-7c703f2ba99e> but was:<http://localhost:8083/appointment/medicine/317498db-9841-408a-b01d-6f7d4d8da4fc>
	at org.springframework.test.util.AssertionErrors.fail(AssertionErrors.java:59)
	at org.springframework.test.util.AssertionErrors.assertEquals(AssertionErrors.java:122)
	at org.springframework.test.web.client.match.MockRestRequestMatchers.lambda$requestTo$3(MockRestRequestMatchers.java:89)
	at org.springframework.test.web.client.DefaultRequestExpectation.match(DefaultRequestExpectation.java:87)
	at org.springframework.test.web.client.SimpleRequestExpectationManager.matchRequest(SimpleRequestExpectationManager.java:62)
	at org.springframework.test.web.client.AbstractRequestExpectationManager.validateRequest(AbstractRequestExpectationManager.java:91)
	at org.springframework.test.web.client.MockRestServiceServer$MockClientHttpRequestFactory$1.executeInternal(MockRestServiceServer.java:324)
	at org.springframework.mock.http.client.MockClientHttpRequest.execute(MockClientHttpRequest.java:126)
	at org.springframework.web.client.RestTemplate.doExecute(RestTemplate.java:879)
	at org.springframework.web.client.RestTemplate.execute(RestTemplate.java:781)
	at org.springframework.web.client.RestTemplate.getForEntity(RestTemplate.java:422)
	at nl.nl0e0.consultationmicroservice.service.ConsultationRestTemplate.getMedicineById(ConsultationRestTemplate.java:33)
	at nl.nl0e0.consultationmicroservice.service.ConsultationService.checkConsultation(ConsultationService.java:38)
	at nl.nl0e0.consultationmicroservice.service.ConsultationServiceTest.testCheckConsultation(ConsultationServiceTest.java:56)
	at java.base/java.lang.reflect.Method.invoke(Method.java:580)
	at java.base/java.util.ArrayList.forEach(ArrayList.java:1596)
	at java.base/java.util.ArrayList.forEach(ArrayList.java:1596)

