<?xml version="1.0" encoding="UTF-8"?>
<testsuite xmlns:xsi="http://www.w3.org/2001/XMLSchema-instance" xsi:noNamespaceSchemaLocation="https://maven.apache.org/surefire/maven-surefire-plugin/xsd/surefire-test-report-3.0.xsd" version="3.0" name="nl.nl0e0.petclinicmicroservice.PetclinicMicroserviceApplicationTests" time="0.856" tests="1" errors="0" skipped="0" failures="0">
  <properties>
[...]
</properties>
  <testcase name="contextLoads" classname="nl.nl0e0.petclinicmicroservice.PetclinicMicroserviceApplicationTests" time="0.408">
    <system-out><![CDATA[10:05:48.244 [main] INFO org.springframework.test.context.support.AnnotationConfigContextLoaderUtils -- Could not detect default configuration classes for test class [nl.nl0e0.petclinicmicroservice.PetclinicMicroserviceApplicationTests]: PetclinicMicroserviceApplicationTests does not declare any static, non-private, non-final, nested classes annotated with @Configuration.
10:05:48.284 [main] INFO org.springframework.boot.test.context.SpringBootTestContextBootstrapper -- Found @SpringBootConfiguration nl.nl0e0.petclinicmicroservice.PetclinicMicroserviceApplication for test class nl.nl0e0.petclinicmicroservice.PetclinicMicroserviceApplicationTests

  .   ____          _            __ _ _
 /\\ / ___'_ __ _ _(_)_ __  __ _ \ \ \ \
( ( )\___ | '_ | '_| | '_ \/ _` | \ \ \ \
 \\/  ___)| |_)| | | | | || (_| |  ) ) ) )
  '  |____| .__|_| |_|_| |_\__, | / / / /
 =========|_|==============|___/=/_/_/_/
 :: Spring Boot ::                (v3.2.4)

2024-04-04T10:05:48.425+08:00  INFO 4567 --- [           main] .p.PetclinicMicroserviceApplicationTests : Starting PetclinicMicroserviceApplicationTests using Java 17.0.8 with PID 4567 (started by rediana in /Users/rediana/Project/petclinic-microservice)
2024-04-04T10:05:48.426+08:00  INFO 4567 --- [           main] .p.PetclinicMicroserviceApplicationTests : No active profile set, falling back to 1 default profile: "default"
2024-04-04T10:05:48.613+08:00  INFO 4567 --- [           main] .p.PetclinicMicroserviceApplicationTests : Started PetclinicMicroserviceApplicationTests in 0.277 seconds (process running for 0.657)
]]></system-out>
  </testcase>
</testsuite>